<?xml version="1.0" encoding="UTF-8"?>
<!-- Generated by org.testng.reporters.JUnitReportReporter -->
<testsuite hostname="LAPTOP-JK7K9216" failures="0" tests="2" name="api.test.UserTests" time="2.033" errors="0" timestamp="2024-07-18T17:05:54 EDT" skipped="0">
  <testcase classname="api.test.UserTests" name="testPostUser" time="1.486"/>
  <system-out/>
  <testcase classname="api.test.UserTests" name="testGetUser" time="0.547"/>
  <system-out/>
</testsuite> <!-- api.test.UserTests -->
