<?xml version="1.0" encoding="UTF-8"?>
<!-- Generated by org.testng.reporters.JUnitReportReporter -->
<testsuite hostname="LAPTOP-JK7K9216" failures="0" tests="3" name="api.test.dataDrivenTests" time="0.804" errors="0" timestamp="2024-07-18T17:05:54 EDT" skipped="0">
  <testcase classname="api.test.dataDrivenTests" name="testUser" time="0.232"/>
  <system-out/>
  <testcase classname="api.test.dataDrivenTests" name="testUser" time="0.319"/>
  <system-out/>
  <testcase classname="api.test.dataDrivenTests" name="testUser" time="0.253"/>
  <system-out/>
</testsuite> <!-- api.test.dataDrivenTests -->
